<?xml version="1.0" encoding="UTF-8"?>
<!-- Generated by org.testng.reporters.JUnitReportReporter -->
<testsuite skipped="0" hostname="MINDQ_001" name="p1.ClassA" tests="1" failures="0" timestamp="2023-06-15T13:03:11 IST" time="0.000" errors="0">
  <testcase name="tc001" time="0.000" classname="p1.ClassA"/>
  <system-out/>
</testsuite> <!-- p1.ClassA -->
