<?xml version="1.0" encoding="UTF-8"?>
<!-- Generated by org.testng.reporters.JUnitReportReporter -->
<testsuite skipped="0" hostname="MINDQ_001" name="p2.ClassB" tests="1" failures="0" timestamp="2023-06-15T13:03:11 IST" time="0.000" errors="0">
  <testcase name="tc003" time="0.000" classname="p2.ClassB"/>
  <system-out/>
</testsuite> <!-- p2.ClassB -->
